[339746-MainProcess:140122494261056] 14007 COMET INFO [_online.py:264]: Experiment is live on comet.com https://www.comet.com/tsubasa-mizuno/segnet-training-test/6ee4ad3aa0844a0f8980a17977c0b668

[339746-MainProcess:140122494261056] 779529 COMET INFO [summary.py:155]: ---------------------------------------------------------------------------------------
[339746-MainProcess:140122494261056] 779530 COMET INFO [summary.py:156]: Comet.ml Experiment Summary
[339746-MainProcess:140122494261056] 779537 COMET INFO [summary.py:157]: ---------------------------------------------------------------------------------------
[339746-MainProcess:140122494261056] 779541 COMET INFO [summary.py:161]:   Data:
[339746-MainProcess:140122494261056] 779543 COMET INFO [summary.py:170]:     display_summary_level : 1
[339746-MainProcess:140122494261056] 779544 COMET INFO [summary.py:170]:     url                   : https://www.comet.com/tsubasa-mizuno/segnet-training-test/6ee4ad3aa0844a0f8980a17977c0b668
[339746-MainProcess:140122494261056] 779545 COMET INFO [summary.py:161]:   Metrics [count] (min, max):
[339746-MainProcess:140122494261056] 779545 COMET INFO [summary.py:170]:     epoch_accuracy [2] : (0.5911903495242837, 0.9475585297364769)
[339746-MainProcess:140122494261056] 779545 COMET INFO [summary.py:170]:     epoch_loss         : 0.0
[339746-MainProcess:140122494261056] 779547 COMET INFO [summary.py:170]:     epoch_mIoU [2]     : (0.2709097763628635, 0.6614506034094983)
[339746-MainProcess:140122494261056] 779548 COMET INFO [summary.py:170]:     loss [382]         : (0.001372380182147026, 2.954409122467041)
[339746-MainProcess:140122494261056] 779548 COMET INFO [summary.py:170]:     val_epoch_loss     : 0.0
[339746-MainProcess:140122494261056] 779549 COMET INFO [summary.py:161]:   Uploads:
[339746-MainProcess:140122494261056] 779549 COMET INFO [summary.py:170]:     environment details : 1
[339746-MainProcess:140122494261056] 779549 COMET INFO [summary.py:170]:     figures             : 1
[339746-MainProcess:140122494261056] 779550 COMET INFO [summary.py:170]:     filename            : 1
[339746-MainProcess:140122494261056] 779550 COMET INFO [summary.py:170]:     git metadata        : 1
[339746-MainProcess:140122494261056] 779552 COMET INFO [summary.py:170]:     installed packages  : 1
[339746-MainProcess:140122494261056] 779553 COMET INFO [summary.py:170]:     os packages         : 1
[339746-MainProcess:140122494261056] 779554 COMET INFO [summary.py:170]:     source_code         : 1 (1.33 KB)
[339746-MainProcess:140122494261056] 779555 COMET INFO [summary.py:172]: 
[339746-MainProcess:140122494261056] 779766 COMET INFO [api.py:31]: ---------------------------------------------------------------------------------------
Log your models to better track, deploy, share, and reproduce your work using: 'comet_ml.integration.pytorch.log_model'.
Learn more at: https://comet.com/docs/v2/pytorch_log_model
---------------------------------------------------------------------------------------------------
Hide this message by setting environment variable "COMET_DISABLE_ANNOUNCEMENT=1"

[339746-MainProcess:140122494261056] 781069 COMET INFO [utils.py:78]: Uploading metrics, params, and assets to Comet before program termination (may take several seconds)
[339746-MainProcess:140122494261056] 781069 COMET INFO [utils.py:78]: The Python SDK has 3600 seconds to finish uploading collected data
[339746-MainProcess:140122494261056] 781069 COMET INFO [comet.py:996]: Uploading 1 metrics, params and output messages
