[760807-MainProcess:140443610941248] 12905 COMET INFO [_online.py:264]: Experiment is live on comet.com https://www.comet.com/tsubasa-mizuno/segnet-training-test/ae0d795a5b24474fa5da79c9bfcc50e0

[760807-MainProcess:140443610941248] 883452 COMET INFO [summary.py:155]: ---------------------------------------------------------------------------------------
[760807-MainProcess:140443610941248] 883453 COMET INFO [summary.py:156]: Comet.ml Experiment Summary
[760807-MainProcess:140443610941248] 883454 COMET INFO [summary.py:157]: ---------------------------------------------------------------------------------------
[760807-MainProcess:140443610941248] 883454 COMET INFO [summary.py:161]:   Data:
[760807-MainProcess:140443610941248] 883455 COMET INFO [summary.py:170]:     display_summary_level : 1
[760807-MainProcess:140443610941248] 883455 COMET INFO [summary.py:170]:     url                   : https://www.comet.com/tsubasa-mizuno/segnet-training-test/ae0d795a5b24474fa5da79c9bfcc50e0
[760807-MainProcess:140443610941248] 883456 COMET INFO [summary.py:161]:   Metrics [count] (min, max):
[760807-MainProcess:140443610941248] 883465 COMET INFO [summary.py:170]:     epoch_accuracy [2] : (0.21220238968468472, 0.9368309963267488)
[760807-MainProcess:140443610941248] 883465 COMET INFO [summary.py:170]:     epoch_loss         : 0.0
[760807-MainProcess:140443610941248] 883466 COMET INFO [summary.py:170]:     epoch_mIoU [2]     : (0.1541636946085547, 0.642402640676149)
[760807-MainProcess:140443610941248] 883472 COMET INFO [summary.py:170]:     loss [382]         : (0.0016921634087339044, 3.4343252182006836)
[760807-MainProcess:140443610941248] 883472 COMET INFO [summary.py:170]:     val_epoch_loss     : 0.0
[760807-MainProcess:140443610941248] 883473 COMET INFO [summary.py:161]:   Uploads:
[760807-MainProcess:140443610941248] 883473 COMET INFO [summary.py:170]:     environment details      : 1
[760807-MainProcess:140443610941248] 883474 COMET INFO [summary.py:170]:     figures                  : 1
[760807-MainProcess:140443610941248] 883474 COMET INFO [summary.py:170]:     filename                 : 1
[760807-MainProcess:140443610941248] 883475 COMET INFO [summary.py:170]:     git metadata             : 1
[760807-MainProcess:140443610941248] 883475 COMET INFO [summary.py:170]:     git-patch (uncompressed) : 1 (7.29 KB)
[760807-MainProcess:140443610941248] 883475 COMET INFO [summary.py:170]:     installed packages       : 1
[760807-MainProcess:140443610941248] 883476 COMET INFO [summary.py:170]:     os packages              : 1
[760807-MainProcess:140443610941248] 883476 COMET INFO [summary.py:170]:     source_code              : 1 (1.33 KB)
[760807-MainProcess:140443610941248] 883477 COMET INFO [summary.py:172]: 
[760807-MainProcess:140443610941248] 883702 COMET INFO [api.py:31]: ---------------------------------------------------------------------------------------
Log your models to better track, deploy, share, and reproduce your work using: 'comet_ml.integration.pytorch.log_model'.
Learn more at: https://comet.com/docs/v2/pytorch_log_model
---------------------------------------------------------------------------------------------------
Hide this message by setting environment variable "COMET_DISABLE_ANNOUNCEMENT=1"

[760807-MainProcess:140443610941248] 885063 COMET INFO [utils.py:78]: Uploading metrics, params, and assets to Comet before program termination (may take several seconds)
[760807-MainProcess:140443610941248] 885063 COMET INFO [utils.py:78]: The Python SDK has 3600 seconds to finish uploading collected data
[760807-MainProcess:140443610941248] 885064 COMET INFO [comet.py:996]: Uploading 1 metrics, params and output messages
