[475017-MainProcess:139660696254272] 14430 COMET INFO [_online.py:264]: Experiment is live on comet.com https://www.comet.com/tsubasa-mizuno/segnet-training-test/dddcdd62b74c41dca0e78fadd9ad5360

[475017-MainProcess:139660696254272] 776075 COMET INFO [summary.py:155]: ---------------------------------------------------------------------------------------
[475017-MainProcess:139660696254272] 776081 COMET INFO [summary.py:156]: Comet.ml Experiment Summary
[475017-MainProcess:139660696254272] 776087 COMET INFO [summary.py:157]: ---------------------------------------------------------------------------------------
[475017-MainProcess:139660696254272] 776089 COMET INFO [summary.py:161]:   Data:
[475017-MainProcess:139660696254272] 776089 COMET INFO [summary.py:170]:     display_summary_level : 1
[475017-MainProcess:139660696254272] 776090 COMET INFO [summary.py:170]:     url                   : https://www.comet.com/tsubasa-mizuno/segnet-training-test/dddcdd62b74c41dca0e78fadd9ad5360
[475017-MainProcess:139660696254272] 776090 COMET INFO [summary.py:161]:   Metrics [count] (min, max):
[475017-MainProcess:139660696254272] 776091 COMET INFO [summary.py:170]:     epoch_accuracy [2] : (0.8210865432051871, 0.9734270206879894)
[475017-MainProcess:139660696254272] 776094 COMET INFO [summary.py:170]:     epoch_loss         : 0.0
[475017-MainProcess:139660696254272] 776095 COMET INFO [summary.py:170]:     epoch_mIoU [2]     : (0.4824890590220005, 0.7122814265627744)
[475017-MainProcess:139660696254272] 776096 COMET INFO [summary.py:170]:     loss [382]         : (0.0017178537091240287, 3.2353720664978027)
[475017-MainProcess:139660696254272] 776097 COMET INFO [summary.py:170]:     val_epoch_loss     : 0.0
[475017-MainProcess:139660696254272] 776098 COMET INFO [summary.py:161]:   Uploads:
[475017-MainProcess:139660696254272] 776098 COMET INFO [summary.py:170]:     environment details      : 1
[475017-MainProcess:139660696254272] 776100 COMET INFO [summary.py:170]:     figures                  : 1
[475017-MainProcess:139660696254272] 776100 COMET INFO [summary.py:170]:     filename                 : 1
[475017-MainProcess:139660696254272] 776100 COMET INFO [summary.py:170]:     git metadata             : 1
[475017-MainProcess:139660696254272] 776102 COMET INFO [summary.py:170]:     git-patch (uncompressed) : 1 (2.32 KB)
[475017-MainProcess:139660696254272] 776103 COMET INFO [summary.py:170]:     installed packages       : 1
[475017-MainProcess:139660696254272] 776103 COMET INFO [summary.py:170]:     os packages              : 1
[475017-MainProcess:139660696254272] 776104 COMET INFO [summary.py:170]:     source_code              : 1 (1.33 KB)
[475017-MainProcess:139660696254272] 776105 COMET INFO [summary.py:172]: 
[475017-MainProcess:139660696254272] 776918 COMET INFO [api.py:31]: ---------------------------------------------------------------------------------------
Log your models to better track, deploy, share, and reproduce your work using: 'comet_ml.integration.pytorch.log_model'.
Learn more at: https://comet.com/docs/v2/pytorch_log_model
---------------------------------------------------------------------------------------------------
Hide this message by setting environment variable "COMET_DISABLE_ANNOUNCEMENT=1"

[475017-MainProcess:139660696254272] 778301 COMET INFO [utils.py:78]: Uploading metrics, params, and assets to Comet before program termination (may take several seconds)
[475017-MainProcess:139660696254272] 778301 COMET INFO [utils.py:78]: The Python SDK has 3600 seconds to finish uploading collected data
