[683049-MainProcess:140213256144704] 13097 COMET INFO [_online.py:264]: Experiment is live on comet.com https://www.comet.com/tsubasa-mizuno/segnet-training-test/bbb9a332c7b140c58b7591db74900e8d

[683049-MainProcess:140213256144704] 48311 COMET INFO [summary.py:155]: ---------------------------------------------------------------------------------------
[683049-MainProcess:140213256144704] 48313 COMET INFO [summary.py:156]: Comet.ml Experiment Summary
[683049-MainProcess:140213256144704] 48313 COMET INFO [summary.py:157]: ---------------------------------------------------------------------------------------
[683049-MainProcess:140213256144704] 48315 COMET INFO [summary.py:161]:   Data:
[683049-MainProcess:140213256144704] 48315 COMET INFO [summary.py:170]:     display_summary_level : 1
[683049-MainProcess:140213256144704] 48316 COMET INFO [summary.py:170]:     url                   : https://www.comet.com/tsubasa-mizuno/segnet-training-test/bbb9a332c7b140c58b7591db74900e8d
[683049-MainProcess:140213256144704] 48317 COMET INFO [summary.py:161]:   Metrics [count] (min, max):
[683049-MainProcess:140213256144704] 48317 COMET INFO [summary.py:170]:     loss                  : 2.885038137435913
[683049-MainProcess:140213256144704] 48318 COMET INFO [summary.py:170]:     train_epoch_loss [10] : (0.35758399963378906, 2.885038137435913)
[683049-MainProcess:140213256144704] 48319 COMET INFO [summary.py:170]:     val_epoch_accuracy    : 0.0
[683049-MainProcess:140213256144704] 48319 COMET INFO [summary.py:170]:     val_epoch_loss [2]    : (4.987471580505371, 30.69895362854004)
[683049-MainProcess:140213256144704] 48321 COMET INFO [summary.py:170]:     val_epoch_mIoU        : 0.0
[683049-MainProcess:140213256144704] 48321 COMET INFO [summary.py:161]:   Uploads:
[683049-MainProcess:140213256144704] 48322 COMET INFO [summary.py:170]:     environment details      : 1
[683049-MainProcess:140213256144704] 48322 COMET INFO [summary.py:170]:     figures                  : 1
[683049-MainProcess:140213256144704] 48323 COMET INFO [summary.py:170]:     filename                 : 1
[683049-MainProcess:140213256144704] 48324 COMET INFO [summary.py:170]:     git metadata             : 1
[683049-MainProcess:140213256144704] 48325 COMET INFO [summary.py:170]:     git-patch (uncompressed) : 1 (4.29 KB)
[683049-MainProcess:140213256144704] 48326 COMET INFO [summary.py:170]:     installed packages       : 1
[683049-MainProcess:140213256144704] 48327 COMET INFO [summary.py:170]:     os packages              : 1
[683049-MainProcess:140213256144704] 48328 COMET INFO [summary.py:170]:     source_code              : 1 (1.33 KB)
[683049-MainProcess:140213256144704] 48328 COMET INFO [summary.py:172]: 
[683049-MainProcess:140213256144704] 48526 COMET INFO [api.py:31]: ---------------------------------------------------------------------------------------
Log your models to better track, deploy, share, and reproduce your work using: 'comet_ml.integration.pytorch.log_model'.
Learn more at: https://comet.com/docs/v2/pytorch_log_model
---------------------------------------------------------------------------------------------------
Hide this message by setting environment variable "COMET_DISABLE_ANNOUNCEMENT=1"

[683049-MainProcess:140213256144704] 49502 COMET INFO [utils.py:78]: Uploading metrics, params, and assets to Comet before program termination (may take several seconds)
[683049-MainProcess:140213256144704] 49503 COMET INFO [utils.py:78]: The Python SDK has 3600 seconds to finish uploading collected data
[683049-MainProcess:140213256144704] 49503 COMET INFO [comet.py:996]: Uploading 1 metrics, params and output messages
