[759842-MainProcess:140392642279232] 10167 COMET INFO [_online.py:264]: Experiment is live on comet.com https://www.comet.com/tsubasa-mizuno/segnet-training-test/cf0ede762aba499d862d0cb81527c66b

[759842-MainProcess:140392642279232] 2239549 COMET INFO [summary.py:155]: ---------------------------------------------------------------------------------------
[759842-MainProcess:140392642279232] 2239550 COMET INFO [summary.py:156]: Comet.ml Experiment Summary
[759842-MainProcess:140392642279232] 2239551 COMET INFO [summary.py:157]: ---------------------------------------------------------------------------------------
[759842-MainProcess:140392642279232] 2239551 COMET INFO [summary.py:161]:   Data:
[759842-MainProcess:140392642279232] 2239553 COMET INFO [summary.py:170]:     display_summary_level : 1
[759842-MainProcess:140392642279232] 2239554 COMET INFO [summary.py:170]:     url                   : https://www.comet.com/tsubasa-mizuno/segnet-training-test/cf0ede762aba499d862d0cb81527c66b
[759842-MainProcess:140392642279232] 2239554 COMET INFO [summary.py:161]:   Metrics [count] (min, max):
[759842-MainProcess:140392642279232] 2239554 COMET INFO [summary.py:170]:     loss [573]             : (0.0012574543943628669, 4.02750301361084)
[759842-MainProcess:140392642279232] 2239554 COMET INFO [summary.py:170]:     train_epoch_loss [30]  : (0.0017496524093153535, 0.18755774469649206)
[759842-MainProcess:140392642279232] 2239555 COMET INFO [summary.py:170]:     val_epoch_accuracy [3] : (0.4090923980247803, 0.9804333289360561)
[759842-MainProcess:140392642279232] 2239556 COMET INFO [summary.py:170]:     val_epoch_loss [3]     : (25.552169830322267, 32.27657487487793)
[759842-MainProcess:140392642279232] 2239556 COMET INFO [summary.py:170]:     val_epoch_mIoU [3]     : (0.22186867135871968, 0.7351465152236881)
[759842-MainProcess:140392642279232] 2239557 COMET INFO [summary.py:161]:   Uploads:
[759842-MainProcess:140392642279232] 2239557 COMET INFO [summary.py:170]:     environment details      : 1
[759842-MainProcess:140392642279232] 2239557 COMET INFO [summary.py:170]:     figures                  : 2
[759842-MainProcess:140392642279232] 2239557 COMET INFO [summary.py:170]:     filename                 : 1
[759842-MainProcess:140392642279232] 2239558 COMET INFO [summary.py:170]:     git metadata             : 1
[759842-MainProcess:140392642279232] 2239558 COMET INFO [summary.py:170]:     git-patch (uncompressed) : 1 (5.56 KB)
[759842-MainProcess:140392642279232] 2239558 COMET INFO [summary.py:170]:     installed packages       : 1
[759842-MainProcess:140392642279232] 2239559 COMET INFO [summary.py:170]:     os packages              : 1
[759842-MainProcess:140392642279232] 2239559 COMET INFO [summary.py:170]:     source_code              : 1 (1.33 KB)
[759842-MainProcess:140392642279232] 2239559 COMET INFO [summary.py:172]: 
[759842-MainProcess:140392642279232] 2239762 COMET INFO [api.py:31]: ---------------------------------------------------------------------------------------
Log your models to better track, deploy, share, and reproduce your work using: 'comet_ml.integration.pytorch.log_model'.
Learn more at: https://comet.com/docs/v2/pytorch_log_model
---------------------------------------------------------------------------------------------------
Hide this message by setting environment variable "COMET_DISABLE_ANNOUNCEMENT=1"

[759842-MainProcess:140392642279232] 2241493 COMET INFO [utils.py:78]: Uploading metrics, params, and assets to Comet before program termination (may take several seconds)
[759842-MainProcess:140392642279232] 2241494 COMET INFO [utils.py:78]: The Python SDK has 3600 seconds to finish uploading collected data
