[801225-MainProcess:140136274884416] 13200 COMET INFO [_online.py:264]: Experiment is live on comet.com https://www.comet.com/tsubasa-mizuno/segnet-training-test/209ce24896e644989c537deb2727e7de

[801225-MainProcess:140136274884416] 881558 COMET INFO [summary.py:155]: ---------------------------------------------------------------------------------------
[801225-MainProcess:140136274884416] 881559 COMET INFO [summary.py:156]: Comet.ml Experiment Summary
[801225-MainProcess:140136274884416] 881568 COMET INFO [summary.py:157]: ---------------------------------------------------------------------------------------
[801225-MainProcess:140136274884416] 881571 COMET INFO [summary.py:161]:   Data:
[801225-MainProcess:140136274884416] 881572 COMET INFO [summary.py:170]:     display_summary_level : 1
[801225-MainProcess:140136274884416] 881573 COMET INFO [summary.py:170]:     url                   : https://www.comet.com/tsubasa-mizuno/segnet-training-test/209ce24896e644989c537deb2727e7de
[801225-MainProcess:140136274884416] 881573 COMET INFO [summary.py:161]:   Metrics [count] (min, max):
[801225-MainProcess:140136274884416] 881574 COMET INFO [summary.py:170]:     epoch_accuracy [2] : (0.7742249946379594, 0.9083847721298652)
[801225-MainProcess:140136274884416] 881574 COMET INFO [summary.py:170]:     epoch_loss         : 0.0
[801225-MainProcess:140136274884416] 881574 COMET INFO [summary.py:170]:     epoch_mIoU [2]     : (0.38924518044005624, 0.6260915496127253)
[801225-MainProcess:140136274884416] 881578 COMET INFO [summary.py:170]:     loss [382]         : (0.001613527536392212, 3.324660539627075)
[801225-MainProcess:140136274884416] 881579 COMET INFO [summary.py:170]:     val_epoch_loss     : 0.0
[801225-MainProcess:140136274884416] 881580 COMET INFO [summary.py:161]:   Uploads:
[801225-MainProcess:140136274884416] 881580 COMET INFO [summary.py:170]:     environment details : 1
[801225-MainProcess:140136274884416] 881582 COMET INFO [summary.py:170]:     figures             : 1
[801225-MainProcess:140136274884416] 881582 COMET INFO [summary.py:170]:     filename            : 1
[801225-MainProcess:140136274884416] 881583 COMET INFO [summary.py:170]:     git metadata        : 1
[801225-MainProcess:140136274884416] 881583 COMET INFO [summary.py:170]:     installed packages  : 1
[801225-MainProcess:140136274884416] 881584 COMET INFO [summary.py:170]:     os packages         : 1
[801225-MainProcess:140136274884416] 881584 COMET INFO [summary.py:170]:     source_code         : 1 (1.33 KB)
[801225-MainProcess:140136274884416] 881587 COMET INFO [summary.py:172]: 
[801225-MainProcess:140136274884416] 881792 COMET INFO [api.py:31]: ---------------------------------------------------------------------------------------
Log your models to better track, deploy, share, and reproduce your work using: 'comet_ml.integration.pytorch.log_model'.
Learn more at: https://comet.com/docs/v2/pytorch_log_model
---------------------------------------------------------------------------------------------------
Hide this message by setting environment variable "COMET_DISABLE_ANNOUNCEMENT=1"

[801225-MainProcess:140136274884416] 882596 COMET INFO [utils.py:78]: Uploading metrics, params, and assets to Comet before program termination (may take several seconds)
[801225-MainProcess:140136274884416] 882597 COMET INFO [utils.py:78]: The Python SDK has 3600 seconds to finish uploading collected data
